<?xml version="1.0" encoding="UTF-8"?>
<testsuite xmlns:xsi="http://www.w3.org/2001/XMLSchema-instance" xsi:noNamespaceSchemaLocation="https://maven.apache.org/surefire/maven-surefire-plugin/xsd/surefire-test-report-3.0.xsd" version="3.0" name="com.neotech.runners.TestRunner" time="30.648" tests="2" errors="0" skipped="0" failures="0">
  <properties>
    <property name="java.specification.version" value="21"/>
    <property name="sun.cpu.isalist" value="amd64"/>
    <property name="sun.jnu.encoding" value="Cp1252"/>
    <property name="java.class.path" value="C:\Users\yildi\eclipse-workspace\PlaywrightJavaAutomationCucumber\target\test-classes;C:\Users\yildi\eclipse-workspace\PlaywrightJavaAutomationCucumber\target\classes;C:\Users\yildi\.m2\repository\com\microsoft\playwright\playwright\1.51.0\playwright-1.51.0.jar;C:\Users\yildi\.m2\repository\com\google\code\gson\gson\2.12.1\gson-2.12.1.jar;C:\Users\yildi\.m2\repository\com\google\errorprone\error_prone_annotations\2.36.0\error_prone_annotations-2.36.0.jar;C:\Users\yildi\.m2\repository\org\opentest4j\opentest4j\1.3.0\opentest4j-1.3.0.jar;C:\Users\yildi\.m2\repository\com\microsoft\playwright\driver\1.51.0\driver-1.51.0.jar;C:\Users\yildi\.m2\repository\com\microsoft\playwright\driver-bundle\1.51.0\driver-bundle-1.51.0.jar;C:\Users\yildi\.m2\repository\org\apache\poi\poi-ooxml\5.2.4\poi-ooxml-5.2.4.jar;C:\Users\yildi\.m2\repository\org\apache\poi\poi\5.2.4\poi-5.2.4.jar;C:\Users\yildi\.m2\repository\commons-codec\commons-codec\1.16.0\commons-codec-1.16.0.jar;C:\Users\yildi\.m2\repository\org\apache\commons\commons-math3\3.6.1\commons-math3-3.6.1.jar;C:\Users\yildi\.m2\repository\com\zaxxer\SparseBitSet\1.3\SparseBitSet-1.3.jar;C:\Users\yildi\.m2\repository\org\apache\poi\poi-ooxml-lite\5.2.4\poi-ooxml-lite-5.2.4.jar;C:\Users\yildi\.m2\repository\org\apache\xmlbeans\xmlbeans\5.1.1\xmlbeans-5.1.1.jar;C:\Users\yildi\.m2\repository\org\apache\commons\commons-compress\1.24.0\commons-compress-1.24.0.jar;C:\Users\yildi\.m2\repository\com\github\virtuald\curvesapi\1.08\curvesapi-1.08.jar;C:\Users\yildi\.m2\repository\org\apache\logging\log4j\log4j-api\2.20.0\log4j-api-2.20.0.jar;C:\Users\yildi\.m2\repository\org\apache\commons\commons-collections4\4.4\commons-collections4-4.4.jar;C:\Users\yildi\.m2\repository\commons-io\commons-io\2.15.0\commons-io-2.15.0.jar;C:\Users\yildi\.m2\repository\io\cucumber\cucumber-java\7.14.0\cucumber-java-7.14.0.jar;C:\Users\yildi\.m2\repository\io\cucumber\cucumber-core\7.14.0\cucumber-core-7.14.0.jar;C:\Users\yildi\.m2\repository\io\cucumber\cucumber-gherkin\7.14.0\cucumber-gherkin-7.14.0.jar;C:\Users\yildi\.m2\repository\io\cucumber\cucumber-gherkin-messages\7.14.0\cucumber-gherkin-messages-7.14.0.jar;C:\Users\yildi\.m2\repository\io\cucumber\gherkin\26.2.0\gherkin-26.2.0.jar;C:\Users\yildi\.m2\repository\io\cucumber\messages\22.0.0\messages-22.0.0.jar;C:\Users\yildi\.m2\repository\io\cucumber\tag-expressions\5.0.6\tag-expressions-5.0.6.jar;C:\Users\yildi\.m2\repository\io\cucumber\cucumber-expressions\16.1.2\cucumber-expressions-16.1.2.jar;C:\Users\yildi\.m2\repository\io\cucumber\datatable\7.14.0\datatable-7.14.0.jar;C:\Users\yildi\.m2\repository\io\cucumber\cucumber-plugin\7.14.0\cucumber-plugin-7.14.0.jar;C:\Users\yildi\.m2\repository\io\cucumber\docstring\7.14.0\docstring-7.14.0.jar;C:\Users\yildi\.m2\repository\io\cucumber\html-formatter\20.4.0\html-formatter-20.4.0.jar;C:\Users\yildi\.m2\repository\io\cucumber\junit-xml-formatter\0.2.0\junit-xml-formatter-0.2.0.jar;C:\Users\yildi\.m2\repository\io\cucumber\ci-environment\9.2.0\ci-environment-9.2.0.jar;C:\Users\yildi\.m2\repository\org\apiguardian\apiguardian-api\1.1.2\apiguardian-api-1.1.2.jar;C:\Users\yildi\.m2\repository\io\cucumber\cucumber-junit\7.14.0\cucumber-junit-7.14.0.jar;C:\Users\yildi\.m2\repository\junit\junit\4.13.2\junit-4.13.2.jar;C:\Users\yildi\.m2\repository\org\hamcrest\hamcrest-core\1.3\hamcrest-core-1.3.jar;"/>
    <property name="java.vm.vendor" value="Oracle Corporation"/>
    <property name="sun.arch.data.model" value="64"/>
    <property name="user.variant" value=""/>
    <property name="java.vendor.url" value="https://java.oracle.com/"/>
    <property name="user.timezone" value="America/Los_Angeles"/>
    <property name="os.name" value="Windows 11"/>
    <property name="java.vm.specification.version" value="21"/>
    <property name="sun.java.launcher" value="SUN_STANDARD"/>
    <property name="user.country" value="US"/>
    <property name="sun.boot.library.path" value="C:\Program Files\Java\jdk-21\bin"/>
    <property name="sun.java.command" value="C:\Users\yildi\AppData\Local\Temp\surefire16298420965772383300\surefirebooter-20250408134506226_3.jar C:\Users\yildi\AppData\Local\Temp\surefire16298420965772383300 2025-04-08T13-45-06_134-jvmRun1 surefire-20250408134506226_1tmp surefire_0-20250408134506226_2tmp"/>
    <property name="jdk.debug" value="release"/>
    <property name="surefire.test.class.path" value="C:\Users\yildi\eclipse-workspace\PlaywrightJavaAutomationCucumber\target\test-classes;C:\Users\yildi\eclipse-workspace\PlaywrightJavaAutomationCucumber\target\classes;C:\Users\yildi\.m2\repository\com\microsoft\playwright\playwright\1.51.0\playwright-1.51.0.jar;C:\Users\yildi\.m2\repository\com\google\code\gson\gson\2.12.1\gson-2.12.1.jar;C:\Users\yildi\.m2\repository\com\google\errorprone\error_prone_annotations\2.36.0\error_prone_annotations-2.36.0.jar;C:\Users\yildi\.m2\repository\org\opentest4j\opentest4j\1.3.0\opentest4j-1.3.0.jar;C:\Users\yildi\.m2\repository\com\microsoft\playwright\driver\1.51.0\driver-1.51.0.jar;C:\Users\yildi\.m2\repository\com\microsoft\playwright\driver-bundle\1.51.0\driver-bundle-1.51.0.jar;C:\Users\yildi\.m2\repository\org\apache\poi\poi-ooxml\5.2.4\poi-ooxml-5.2.4.jar;C:\Users\yildi\.m2\repository\org\apache\poi\poi\5.2.4\poi-5.2.4.jar;C:\Users\yildi\.m2\repository\commons-codec\commons-codec\1.16.0\commons-codec-1.16.0.jar;C:\Users\yildi\.m2\repository\org\apache\commons\commons-math3\3.6.1\commons-math3-3.6.1.jar;C:\Users\yildi\.m2\repository\com\zaxxer\SparseBitSet\1.3\SparseBitSet-1.3.jar;C:\Users\yildi\.m2\repository\org\apache\poi\poi-ooxml-lite\5.2.4\poi-ooxml-lite-5.2.4.jar;C:\Users\yildi\.m2\repository\org\apache\xmlbeans\xmlbeans\5.1.1\xmlbeans-5.1.1.jar;C:\Users\yildi\.m2\repository\org\apache\commons\commons-compress\1.24.0\commons-compress-1.24.0.jar;C:\Users\yildi\.m2\repository\com\github\virtuald\curvesapi\1.08\curvesapi-1.08.jar;C:\Users\yildi\.m2\repository\org\apache\logging\log4j\log4j-api\2.20.0\log4j-api-2.20.0.jar;C:\Users\yildi\.m2\repository\org\apache\commons\commons-collections4\4.4\commons-collections4-4.4.jar;C:\Users\yildi\.m2\repository\commons-io\commons-io\2.15.0\commons-io-2.15.0.jar;C:\Users\yildi\.m2\repository\io\cucumber\cucumber-java\7.14.0\cucumber-java-7.14.0.jar;C:\Users\yildi\.m2\repository\io\cucumber\cucumber-core\7.14.0\cucumber-core-7.14.0.jar;C:\Users\yildi\.m2\repository\io\cucumber\cucumber-gherkin\7.14.0\cucumber-gherkin-7.14.0.jar;C:\Users\yildi\.m2\repository\io\cucumber\cucumber-gherkin-messages\7.14.0\cucumber-gherkin-messages-7.14.0.jar;C:\Users\yildi\.m2\repository\io\cucumber\gherkin\26.2.0\gherkin-26.2.0.jar;C:\Users\yildi\.m2\repository\io\cucumber\messages\22.0.0\messages-22.0.0.jar;C:\Users\yildi\.m2\repository\io\cucumber\tag-expressions\5.0.6\tag-expressions-5.0.6.jar;C:\Users\yildi\.m2\repository\io\cucumber\cucumber-expressions\16.1.2\cucumber-expressions-16.1.2.jar;C:\Users\yildi\.m2\repository\io\cucumber\datatable\7.14.0\datatable-7.14.0.jar;C:\Users\yildi\.m2\repository\io\cucumber\cucumber-plugin\7.14.0\cucumber-plugin-7.14.0.jar;C:\Users\yildi\.m2\repository\io\cucumber\docstring\7.14.0\docstring-7.14.0.jar;C:\Users\yildi\.m2\repository\io\cucumber\html-formatter\20.4.0\html-formatter-20.4.0.jar;C:\Users\yildi\.m2\repository\io\cucumber\junit-xml-formatter\0.2.0\junit-xml-formatter-0.2.0.jar;C:\Users\yildi\.m2\repository\io\cucumber\ci-environment\9.2.0\ci-environment-9.2.0.jar;C:\Users\yildi\.m2\repository\org\apiguardian\apiguardian-api\1.1.2\apiguardian-api-1.1.2.jar;C:\Users\yildi\.m2\repository\io\cucumber\cucumber-junit\7.14.0\cucumber-junit-7.14.0.jar;C:\Users\yildi\.m2\repository\junit\junit\4.13.2\junit-4.13.2.jar;C:\Users\yildi\.m2\repository\org\hamcrest\hamcrest-core\1.3\hamcrest-core-1.3.jar;"/>
    <property name="sun.cpu.endian" value="little"/>
    <property name="user.home" value="C:\Users\yildi"/>
    <property name="user.language" value="en"/>
    <property name="java.specification.vendor" value="Oracle Corporation"/>
    <property name="WebUrl" value=""/>
    <property name="java.version.date" value="2025-01-21"/>
    <property name="java.home" value="C:\Program Files\Java\jdk-21"/>
    <property name="file.separator" value="\"/>
    <property name="basedir" value="C:\Users\yildi\eclipse-workspace\PlaywrightJavaAutomationCucumber"/>
    <property name="style.color" value="always"/>
    <property name="java.vm.compressedOopsMode" value="Zero based"/>
    <property name="line.separator" value="&#10;"/>
    <property name="java.vm.specification.vendor" value="Oracle Corporation"/>
    <property name="java.specification.name" value="Java Platform API Specification"/>
    <property name="surefire.real.class.path" value="C:\Users\yildi\AppData\Local\Temp\surefire16298420965772383300\surefirebooter-20250408134506226_3.jar"/>
    <property name="user.script" value=""/>
    <property name="sun.management.compiler" value="HotSpot 64-Bit Tiered Compilers"/>
    <property name="java.runtime.version" value="21.0.6+8-LTS-188"/>
    <property name="user.name" value="yildi"/>
    <property name="stdout.encoding" value="Cp1252"/>
    <property name="path.separator" value=";"/>
    <property name="os.version" value="10.0"/>
    <property name="java.runtime.name" value="Java(TM) SE Runtime Environment"/>
    <property name="file.encoding" value="UTF-8"/>
    <property name="java.vm.name" value="Java HotSpot(TM) 64-Bit Server VM"/>
    <property name="localRepository" value="C:\Users\yildi\.m2\repository"/>
    <property name="java.vendor.url.bug" value="https://bugreport.java.com/bugreport/"/>
    <property name="java.io.tmpdir" value="C:\Users\yildi\AppData\Local\Temp\"/>
    <property name="java.version" value="21.0.6"/>
    <property name="user.dir" value="C:\Users\yildi\eclipse-workspace\PlaywrightJavaAutomationCucumber"/>
    <property name="os.arch" value="amd64"/>
    <property name="java.vm.specification.name" value="Java Virtual Machine Specification"/>
    <property name="sun.os.patch.level" value=""/>
    <property name="native.encoding" value="Cp1252"/>
    <property name="java.library.path" value="C:\Program Files\Java\jdk-21\bin;C:\WINDOWS\Sun\Java\bin;C:\WINDOWS\system32;C:\WINDOWS;C:\Python312\Scripts\;C:\Python312\;C:\Program Files\Common Files\Oracle\Java\javapath;C:\Windows\system32;C:\Windows;C:\Windows\System32\Wbem;C:\Windows\System32\WindowsPowerShell\v1.0\;C:\Windows\System32\OpenSSH\;C:\Program Files (x86)\NVIDIA Corporation\PhysX\Common;C:\Program Files\NVIDIA Corporation\NVIDIA NvDLISR;C:\WINDOWS\system32;C:\WINDOWS;C:\WINDOWS\System32\Wbem;C:\WINDOWS\System32\WindowsPowerShell\v1.0\;C:\WINDOWS\System32\OpenSSH\;C:\Program Files\Java\jdk-21\bin;C:\Program Files\Git\cmd;C:\Program Files\maven\bin;C:\Program Files\nodejs\;C:\ProgramData\chocolatey\bin;C:\Program Files\dotnet\;C:\Users\yildi\AppData\Local\Cypress\Cache\13.16.0\Cypress;C:\Users\yildi\AppData\Local\Android\Sdk\tools\bin;C:\Users\yildi\AppData\Local\Android\Sdk\tools;C:\Users\yildi\Documents\ngrok;C:\Users\yildi\scoop\shims;C:\Users\yildi\AppData\Local\Microsoft\WindowsApps;C:\Users\yildi\AppData\Roaming\npm;C:\Users\yildi\AppData\Local\Programs\Microsoft VS Code\bin;C:\Users\yildi\AppData\Local\Microsoft\WinGet\Packages\Schniz.fnm_Microsoft.Winget.Source_8wekyb3d8bbwe;C:\Users\yildi\AppData\Local\Android\Sdk\platform-tools;;."/>
    <property name="java.vm.info" value="mixed mode, sharing"/>
    <property name="stderr.encoding" value="Cp1252"/>
    <property name="java.vendor" value="Oracle Corporation"/>
    <property name="java.vm.version" value="21.0.6+8-LTS-188"/>
    <property name="sun.io.unicode.encoding" value="UnicodeLittle"/>
    <property name="java.class.version" value="65.0"/>
  </properties>
  <testcase name="Title of your scenario" classname="Title of your feature #1" time="21.511">
    <system-out><![CDATA[
@smoke
Scenario: Title of your scenario # src/test/resources/features/dashSteps.feature:5
  Given I logged in              # com.neotech.steps.DashSteps.i_logged_in()
  Then I validate the outcomes   # com.neotech.steps.DashSteps.i_validate_the_outcomes()

    Embedding Title of your scenario [image/png 338270 bytes]

]]></system-out>
  </testcase>
  <testcase name="LoginPage" classname="Title of your feature #2" time="6.028">
    <system-out><![CDATA[
@smoke
Scenario: LoginPage             # src/test/resources/features/login.feature:5
  When I enter user name        # com.neotech.steps.LoginSteps.i_enter_user_name()
  And I enter password          # com.neotech.steps.LoginSteps.i_enter_password()
  And i click the submit button # com.neotech.steps.LoginSteps.i_click_the_submit_button()
✅ URL Validated: https://hrm.neotechacademy.com/auth/validateCredentials
  Then I validate the url       # com.neotech.steps.LoginSteps.i_validate_the_url()
✅ Title Validated: Dashboard
  And I validate the title      # com.neotech.steps.LoginSteps.i_validate_the_title()

    Embedding LoginPage [image/png 80924 bytes]

]]></system-out>
  </testcase>
</testsuite>